app/build/intermediates/manifest_merge_blame_file/release/manifest-merger-blame-release-report.txt
1<?xml version="1.0" encoding="utf-8"?>
2<!--
3  ~ Copyright (c) 2021. Nurujjaman Pollob, All Right Reserved.
4  ~      Licensed under the Apache License, Version 2.0 (the "License");
5  ~      you may not use this file except in compliance with the License.
6  ~      You may obtain a copy of the License at
7  ~
8  ~          http://www.apache.org/licenses/LICENSE-2.0
9  ~
10  ~      Unless required by applicable law or agreed to in writing, software
11  ~      distributed under the License is distributed on an "AS IS" BASIS,
12  ~      WITHOUT WARRANTIES OR CONDITIONS OF ANY KIND, either express or implied.
13  ~      See the License for the specific language governing permissions and
14  ~      limitations under the License.
15-->
16<manifest xmlns:android="http://schemas.android.com/apk/res/android"
17    package="dev.nurujjamanpollob.iframeplayerandroidapi"
18    android:versionCode="1"
19    android:versionName="1.0" >
20
21    <uses-sdk
22        android:minSdkVersion="19"
22-->src\main\AndroidManifest.xml
23        android:targetSdkVersion="30" />
23-->src\main\AndroidManifest.xml
24    <!-- Internet permission -->
25    <uses-permission android:name="android.permission.INTERNET" />
25-->src\main\AndroidManifest.xml:21:5-67
25-->src\main\AndroidManifest.xml:21:22-64
26    <uses-permission android:name="android.permission.WRITE_EXTERNAL_STORAGE" />
26-->src\main\AndroidManifest.xml:22:5-81
26-->src\main\AndroidManifest.xml:22:22-78
27
28    <application
28-->src\main\AndroidManifest.xml:24:5-41:19
29        android:allowBackup="true"
29-->src\main\AndroidManifest.xml:25:9-35
30        android:appComponentFactory="androidx.core.app.CoreComponentFactory"
30-->[androidx.core:core:1.5.0] AndroidManifest.xml:24:18-86
31        android:hardwareAccelerated="true"
31-->[:IframePlayer] AndroidManifest.xml:24:9-43
32        android:icon="@mipmap/ic_launcher"
32-->src\main\AndroidManifest.xml:26:9-43
33        android:label="@string/app_name"
33-->src\main\AndroidManifest.xml:27:9-41
34        android:largeHeap="true"
34-->[:IframePlayer] AndroidManifest.xml:25:9-33
35        android:roundIcon="@mipmap/ic_launcher_round"
35-->src\main\AndroidManifest.xml:28:9-54
36        android:supportsRtl="true"
36-->src\main\AndroidManifest.xml:29:9-35
37        android:theme="@style/AppTheme" >
37-->src\main\AndroidManifest.xml:30:9-40
38        <activity
38-->src\main\AndroidManifest.xml:31:9-40:20
39            android:name="dev.nurujjamanpollob.iframeplayerandroidapi.MainActivity"
39-->src\main\AndroidManifest.xml:31:19-47
40            android:configChanges="keyboard|keyboardHidden|orientation|screenSize|screenLayout"
40-->src\main\AndroidManifest.xml:33:13-96
41            android:supportsPictureInPicture="true" >
41-->src\main\AndroidManifest.xml:32:13-52
42            <intent-filter>
42-->src\main\AndroidManifest.xml:35:13-39:29
43                <action android:name="android.intent.action.MAIN" />
43-->src\main\AndroidManifest.xml:36:17-69
43-->src\main\AndroidManifest.xml:36:25-66
44
45                <category android:name="android.intent.category.LAUNCHER" />
45-->src\main\AndroidManifest.xml:38:17-77
45-->src\main\AndroidManifest.xml:38:27-74
46            </intent-filter>
47        </activity>
48    </application>
49
50</manifest>